0 info it worked if it ends with ok
1 verbose cli [ '/usr/local/Cellar/node/5.7.0/bin/node',
1 verbose cli   '/usr/local/bin/npm',
1 verbose cli   'start' ]
2 info using npm@3.6.0
3 info using node@v5.7.0
4 verbose run-script [ 'prestart', 'start', 'poststart' ]
5 info lifecycle board@1.0.0~prestart: board@1.0.0
6 silly lifecycle board@1.0.0~prestart: no script for prestart, continuing
7 info lifecycle board@1.0.0~start: board@1.0.0
8 verbose lifecycle board@1.0.0~start: unsafe-perm in lifecycle true
9 verbose lifecycle board@1.0.0~start: PATH: /usr/local/lib/node_modules/npm/bin/node-gyp-bin:/Users/pih/board/node_modules/.bin:/Library/Frameworks/Python.framework/Versions/3.5/bin:/Users/pih/.rbenv/shims:/usr/local/bin:/usr/bin:/bin:/usr/sbin:/sbin:/opt/X11/bin:/Library/TeX/texbin:/home/pih/bin:/usr/local/homebrew
10 verbose lifecycle board@1.0.0~start: CWD: /Users/pih/board
11 silly lifecycle board@1.0.0~start: Args: [ '-c',
11 silly lifecycle   'NODE_ENV=development ./node_modules/.bin/hjs-dev-server' ]
12 silly lifecycle board@1.0.0~start: Returned: code: 1  signal: null
13 info lifecycle board@1.0.0~start: Failed to exec start script
14 verbose stack Error: board@1.0.0 start: `NODE_ENV=development ./node_modules/.bin/hjs-dev-server`
14 verbose stack Exit status 1
14 verbose stack     at EventEmitter.<anonymous> (/usr/local/lib/node_modules/npm/lib/utils/lifecycle.js:232:16)
14 verbose stack     at emitTwo (events.js:100:13)
14 verbose stack     at EventEmitter.emit (events.js:185:7)
14 verbose stack     at ChildProcess.<anonymous> (/usr/local/lib/node_modules/npm/lib/utils/spawn.js:24:14)
14 verbose stack     at emitTwo (events.js:100:13)
14 verbose stack     at ChildProcess.emit (events.js:185:7)
14 verbose stack     at maybeClose (internal/child_process.js:827:16)
14 verbose stack     at Process.ChildProcess._handle.onexit (internal/child_process.js:211:5)
15 verbose pkgid board@1.0.0
16 verbose cwd /Users/pih/board
17 error Darwin 15.5.0
18 error argv "/usr/local/Cellar/node/5.7.0/bin/node" "/usr/local/bin/npm" "start"
19 error node v5.7.0
20 error npm  v3.6.0
21 error code ELIFECYCLE
22 error board@1.0.0 start: `NODE_ENV=development ./node_modules/.bin/hjs-dev-server`
22 error Exit status 1
23 error Failed at the board@1.0.0 start script 'NODE_ENV=development ./node_modules/.bin/hjs-dev-server'.
23 error Make sure you have the latest version of node.js and npm installed.
23 error If you do, this is most likely a problem with the board package,
23 error not with npm itself.
23 error Tell the author that this fails on your system:
23 error     NODE_ENV=development ./node_modules/.bin/hjs-dev-server
23 error You can get information on how to open an issue for this project with:
23 error     npm bugs board
23 error Or if that isn't available, you can get their info via:
23 error     npm owner ls board
23 error There is likely additional logging output above.
24 verbose exit [ 1, true ]
